-------------------------------------------------------------------------------
Test set: com.luv2code.springboot.thymeleafdemo.ThymeleafdemoApplicationTests
-------------------------------------------------------------------------------
Tests run: 1, Failures: 0, Errors: 1, Skipped: 0, Time elapsed: 28.622 s <<< FAILURE! - in com.luv2code.springboot.thymeleafdemo.ThymeleafdemoApplicationTests
contextLoads(com.luv2code.springboot.thymeleafdemo.ThymeleafdemoApplicationTests)  Time elapsed: 0.004 s  <<< ERROR!
java.lang.IllegalStateException: Failed to load ApplicationContext
Caused by: org.springframework.beans.factory.BeanCreationException: Error creating bean with name 'entityManagerFactory' defined in class path resource [com/luv2code/springboot/thymeleafdemo/config/DemoDataSourceConfig.class]: Invocation of init method failed; nested exception is org.hibernate.service.spi.ServiceException: Unable to create requested service [org.hibernate.engine.jdbc.env.spi.JdbcEnvironment]
Caused by: org.hibernate.service.spi.ServiceException: Unable to create requested service [org.hibernate.engine.jdbc.env.spi.JdbcEnvironment]
Caused by: org.hibernate.HibernateException: Access to DialectResolutionInfo cannot be null when 'hibernate.dialect' not set

